<?xml version="1.0" encoding="UTF-8"?>
<!-- Generated by org.testng.reporters.JUnitXMLReporter -->
<testsuite ignored="0" hostname="DESKTOP-AGDRQC9" failures="2" tests="5" name="screfix" time="164.836" errors="0" timestamp="2023-11-11T12:58:40 GMT">
  <testcase classname="testCases.TC_003_Login_DataDriven" name="test_TestDriven" time="20.041"/>
  <testcase classname="testCases.TC_003_Login_DataDriven" name="test_TestDriven" time="25.991"/>
  <testcase classname="testCases.TC_003_Login_DataDriven" name="test_TestDriven" time="36.557">
    <failure type="java.lang.AssertionError" message="expected [true] but found [false]">
      <![CDATA[java.lang.AssertionError: expected [true] but found [false]
at testCases.TC_003_Login_DataDriven.test_TestDriven(TC_003_Login_DataDriven.java:59)
at java.base/java.util.ArrayList.forEach(ArrayList.java:1511)
... Removed 31 stack frames]]>
    </failure>
  </testcase> <!-- test_TestDriven -->
  <testcase classname="testCases.TC_003_Login_DataDriven" name="test_TestDriven" time="34.447">
    <failure type="java.lang.AssertionError" message="expected [true] but found [false]">
      <![CDATA[java.lang.AssertionError: expected [true] but found [false]
at testCases.TC_003_Login_DataDriven.test_TestDriven(TC_003_Login_DataDriven.java:59)
at java.base/java.util.ArrayList.forEach(ArrayList.java:1511)
... Removed 31 stack frames]]>
    </failure>
  </testcase> <!-- test_TestDriven -->
  <testcase classname="testCases.TC_003_Login_DataDriven" name="test_TestDriven" time="20.706"/>
</testsuite> <!-- screfix -->
